<?xml version="1.0" encoding="UTF-8"?>
<!-- Generated by org.testng.reporters.JUnitReportReporter -->
<testsuite hostname="DESKTOP-55E04N3" failures="0" tests="1" name="WikiTest" time="74.383" errors="0" timestamp="27 Feb 2023 14:25:27 GMT">
  <testcase classname="WikiTest" name="wikiTest" time="74.383"/>
</testsuite> <!-- WikiTest -->
